

Version:	3.12
CmdLine:	C:\Users\Fatih\Eclipse-workspace-fatih\InnovaCMDB\icmdb.exe --l4j-debug
WOW64:		yes
Working dir:	C:\Users\Fatih\Eclipse-workspace-fatih\InnovaCMDB\.
Java min ver:	1.008.000
Java max ver:	
64-bit search:	SOFTWARE\JavaSoft\Java Runtime Environment...
Check:		SOFTWARE\JavaSoft\Java Runtime Environment\1.8
Check launcher:	C:\Program Files\Java\jre1.8.0_281\bin\javaw.exe (OK)
Match:		1.008.000
Check:		SOFTWARE\JavaSoft\Java Runtime Environment\1.8.0_281
Check launcher:	C:\Program Files\Java\jre1.8.0_281\bin\javaw.exe (OK)
Match:		1.008.000_281
64-bit search:	SOFTWARE\JavaSoft\Java Development Kit...
Check:		SOFTWARE\JavaSoft\Java Development Kit\1.7
Ignore:		1.007.000
Check:		SOFTWARE\JavaSoft\Java Development Kit\1.7.0_80
Ignore:		1.007.000_080
Check:		SOFTWARE\JavaSoft\Java Development Kit\1.8
Ignore:		1.008.000
Check:		SOFTWARE\JavaSoft\Java Development Kit\1.8.0_251
Ignore:		1.008.000_251
Check:		SOFTWARE\JavaSoft\Java Development Kit\1.8.0_261
Ignore:		1.008.000_261
64-bit search:	SOFTWARE\JavaSoft\JRE...
64-bit search:	SOFTWARE\JavaSoft\JDK...
Check:		SOFTWARE\JavaSoft\JDK\11.0.9
Check launcher:	C:\Program Files\Java\jdk-11.0.9\bin\javaw.exe (OK)
Match:		1.011.000_009
Check:		SOFTWARE\JavaSoft\JDK\14.0.1
Check launcher:	C:\Program Files\Java\jdk-14.0.1\bin\javaw.exe (OK)
Match:		1.014.000_001
Runtime used:	1.014.000_001 (64-bit)
Launcher:	C:\Program Files\Java\jdk-14.0.1\bin\javaw.exe
Launcher args:	-jar "C:\Users\Fatih\Eclipse-workspace-fatih\InnovaCMDB\icmdb.exe"
Args length:	66/32768 chars
Exit code:	0


Version:	3.12
CmdLine:	C:\Users\Fatih\Eclipse-workspace-fatih\InnovaCMDB\icmdb.exe --l4j-debug
WOW64:		yes
Working dir:	C:\Users\Fatih\Eclipse-workspace-fatih\InnovaCMDB\.
Java min ver:	1.008.000
Java max ver:	
64-bit search:	SOFTWARE\JavaSoft\Java Runtime Environment...
Check:		SOFTWARE\JavaSoft\Java Runtime Environment\1.8
Check launcher:	C:\Program Files\Java\jre1.8.0_281\bin\javaw.exe (OK)
Match:		1.008.000
Check:		SOFTWARE\JavaSoft\Java Runtime Environment\1.8.0_281
Check launcher:	C:\Program Files\Java\jre1.8.0_281\bin\javaw.exe (OK)
Match:		1.008.000_281
64-bit search:	SOFTWARE\JavaSoft\Java Development Kit...
Check:		SOFTWARE\JavaSoft\Java Development Kit\1.7
Ignore:		1.007.000
Check:		SOFTWARE\JavaSoft\Java Development Kit\1.7.0_80
Ignore:		1.007.000_080
Check:		SOFTWARE\JavaSoft\Java Development Kit\1.8
Ignore:		1.008.000
Check:		SOFTWARE\JavaSoft\Java Development Kit\1.8.0_251
Ignore:		1.008.000_251
Check:		SOFTWARE\JavaSoft\Java Development Kit\1.8.0_261
Ignore:		1.008.000_261
64-bit search:	SOFTWARE\JavaSoft\JRE...
64-bit search:	SOFTWARE\JavaSoft\JDK...
Check:		SOFTWARE\JavaSoft\JDK\11.0.9
Check launcher:	C:\Program Files\Java\jdk-11.0.9\bin\javaw.exe (OK)
Match:		1.011.000_009
Check:		SOFTWARE\JavaSoft\JDK\14.0.1
Check launcher:	C:\Program Files\Java\jdk-14.0.1\bin\javaw.exe (OK)
Match:		1.014.000_001
Runtime used:	1.014.000_001 (64-bit)
Launcher:	C:\Program Files\Java\jdk-14.0.1\bin\javaw.exe
Launcher args:	-jar "C:\Users\Fatih\Eclipse-workspace-fatih\InnovaCMDB\icmdb.exe"
Args length:	66/32768 chars
Exit code:	0


Version:	3.12
CmdLine:	C:\Users\Fatih\Eclipse-workspace-fatih\InnovaCMDB\icmdb.exe --l4j-debug
WOW64:		yes
Working dir:	C:\Users\Fatih\Eclipse-workspace-fatih\InnovaCMDB\.
Java min ver:	1.008.000
Java max ver:	1.009.000
64-bit search:	SOFTWARE\JavaSoft\Java Runtime Environment...
Check:		SOFTWARE\JavaSoft\Java Runtime Environment\1.8
Check launcher:	C:\Program Files\Java\jre1.8.0_281\bin\javaw.exe (OK)
Match:		1.008.000
Check:		SOFTWARE\JavaSoft\Java Runtime Environment\1.8.0_281
Check launcher:	C:\Program Files\Java\jre1.8.0_281\bin\javaw.exe (OK)
Match:		1.008.000_281
64-bit search:	SOFTWARE\JavaSoft\Java Development Kit...
Check:		SOFTWARE\JavaSoft\Java Development Kit\1.7
Ignore:		1.007.000
Check:		SOFTWARE\JavaSoft\Java Development Kit\1.7.0_80
Ignore:		1.007.000_080
Check:		SOFTWARE\JavaSoft\Java Development Kit\1.8
Ignore:		1.008.000
Check:		SOFTWARE\JavaSoft\Java Development Kit\1.8.0_251
Ignore:		1.008.000_251
Check:		SOFTWARE\JavaSoft\Java Development Kit\1.8.0_261
Ignore:		1.008.000_261
64-bit search:	SOFTWARE\JavaSoft\JRE...
64-bit search:	SOFTWARE\JavaSoft\JDK...
Check:		SOFTWARE\JavaSoft\JDK\11.0.9
Ignore:		1.011.000_009
Check:		SOFTWARE\JavaSoft\JDK\14.0.1
Ignore:		1.014.000_001
Runtime used:	1.008.000_281 (64-bit)
Launcher:	C:\Program Files\Java\jre1.8.0_281\bin\javaw.exe
Launcher args:	-jar "C:\Users\Fatih\Eclipse-workspace-fatih\InnovaCMDB\icmdb.exe"
Args length:	66/32768 chars
Exit code:	0


Version:	3.12
CmdLine:	C:\Users\Fatih\Eclipse-workspace-fatih\InnovaCMDB\icmdb.exe --l4j-debug
WOW64:		yes
Working dir:	C:\Users\Fatih\Eclipse-workspace-fatih\InnovaCMDB\.
Java min ver:	1.008.000
Java max ver:	1.009.000
64-bit search:	SOFTWARE\JavaSoft\Java Runtime Environment...
Check:		SOFTWARE\JavaSoft\Java Runtime Environment\1.8
Check launcher:	C:\Program Files\Java\jre1.8.0_281\bin\javaw.exe (OK)
Match:		1.008.000
Check:		SOFTWARE\JavaSoft\Java Runtime Environment\1.8.0_281
Check launcher:	C:\Program Files\Java\jre1.8.0_281\bin\javaw.exe (OK)
Match:		1.008.000_281
64-bit search:	SOFTWARE\JavaSoft\Java Development Kit...
Check:		SOFTWARE\JavaSoft\Java Development Kit\1.7
Ignore:		1.007.000
Check:		SOFTWARE\JavaSoft\Java Development Kit\1.7.0_80
Ignore:		1.007.000_080
Check:		SOFTWARE\JavaSoft\Java Development Kit\1.8
Ignore:		1.008.000
Check:		SOFTWARE\JavaSoft\Java Development Kit\1.8.0_251
Ignore:		1.008.000_251
Check:		SOFTWARE\JavaSoft\Java Development Kit\1.8.0_261
Ignore:		1.008.000_261
64-bit search:	SOFTWARE\JavaSoft\JRE...
64-bit search:	SOFTWARE\JavaSoft\JDK...
Check:		SOFTWARE\JavaSoft\JDK\11.0.9
Ignore:		1.011.000_009
Check:		SOFTWARE\JavaSoft\JDK\14.0.1
Ignore:		1.014.000_001
Runtime used:	1.008.000_281 (64-bit)
Launcher:	C:\Program Files\Java\jre1.8.0_281\bin\javaw.exe
Launcher args:	-jar "C:\Users\Fatih\Eclipse-workspace-fatih\InnovaCMDB\icmdb.exe"
Args length:	66/32768 chars
Exit code:	0


Version:	3.12
CmdLine:	C:\Users\Fatih\Eclipse-workspace-fatih\InnovaCMDB\i-cmdb.exe --l4j-debug
WOW64:		yes
Working dir:	C:\Users\Fatih\Eclipse-workspace-fatih\InnovaCMDB\.
Java min ver:	1.008.000
Java max ver:	1.009.000
64-bit search:	SOFTWARE\JavaSoft\Java Runtime Environment...
Check:		SOFTWARE\JavaSoft\Java Runtime Environment\1.8
Check launcher:	C:\Program Files\Java\jre1.8.0_281\bin\javaw.exe (OK)
Match:		1.008.000
Check:		SOFTWARE\JavaSoft\Java Runtime Environment\1.8.0_281
Check launcher:	C:\Program Files\Java\jre1.8.0_281\bin\javaw.exe (OK)
Match:		1.008.000_281
64-bit search:	SOFTWARE\JavaSoft\Java Development Kit...
Check:		SOFTWARE\JavaSoft\Java Development Kit\1.7
Ignore:		1.007.000
Check:		SOFTWARE\JavaSoft\Java Development Kit\1.7.0_80
Ignore:		1.007.000_080
Check:		SOFTWARE\JavaSoft\Java Development Kit\1.8
Ignore:		1.008.000
Check:		SOFTWARE\JavaSoft\Java Development Kit\1.8.0_251
Ignore:		1.008.000_251
Check:		SOFTWARE\JavaSoft\Java Development Kit\1.8.0_261
Ignore:		1.008.000_261
64-bit search:	SOFTWARE\JavaSoft\JRE...
64-bit search:	SOFTWARE\JavaSoft\JDK...
Check:		SOFTWARE\JavaSoft\JDK\11.0.9
Ignore:		1.011.000_009
Check:		SOFTWARE\JavaSoft\JDK\14.0.1
Ignore:		1.014.000_001
Runtime used:	1.008.000_281 (64-bit)
Launcher:	C:\Program Files\Java\jre1.8.0_281\bin\javaw.exe
Launcher args:	-jar "C:\Users\Fatih\Eclipse-workspace-fatih\InnovaCMDB\i-cmdb.exe"
Args length:	67/32768 chars
Exit code:	0
